<?xml version="1.0" encoding="UTF-8"?>
<!-- Generated by org.testng.reporters.JUnitReportReporter -->
<testsuite hostname="DESKTOP-LD2GPJV" failures="0" tests="1" name="Punter.Trail01" time="0.011" errors="0" timestamp="2023-07-13T20:18:53 IST" skipped="0">
  <testcase classname="Punter.Trail01" name="tc1" time="0.011"/>
  <system-out>
    <![CDATA[HI]]>
  </system-out>
</testsuite> <!-- Punter.Trail01 -->
