<?xml version="1.0" encoding="UTF-8"?>
<!-- Generated by org.testng.reporters.JUnitReportReporter -->
<testsuite hostname="DESKTOP-LD2GPJV" failures="0" tests="1" name="Punter.Script02Test" time="16.652" errors="0" timestamp="2023-07-13T14:58:51 IST" skipped="0">
  <testcase classname="Punter.Script02Test" name="test2" time="16.652"/>
  <system-out/>
</testsuite> <!-- Punter.Script02Test -->
