<?xml version="1.0" encoding="UTF-8"?>
<!-- Generated by org.testng.reporters.JUnitReportReporter -->
<testsuite hostname="DESKTOP-LD2GPJV" failures="0" tests="1" name="Punter.ScriptTest" time="11.090" errors="0" timestamp="2023-07-13T12:22:07 IST" skipped="0">
  <testcase classname="Punter.ScriptTest" name="test2" time="11.090"/>
  <system-out/>
</testsuite> <!-- Punter.ScriptTest -->
