<?xml version="1.0" encoding="UTF-8"?>
<!-- Generated by org.testng.reporters.JUnitReportReporter -->
<testsuite hostname="DESKTOP-LD2GPJV" failures="0" tests="1" name="Punter.Demo2" time="15.549" errors="0" timestamp="2023-06-13T12:31:47 IST" skipped="0">
  <testcase classname="Punter.Demo2" name="tc3" time="15.549"/>
  <system-out>
    <![CDATA[pass]]>
  </system-out>
</testsuite> <!-- Punter.Demo2 -->
