<?xml version="1.0" encoding="UTF-8"?>
<!-- Generated by org.testng.reporters.JUnitReportReporter -->
<testsuite hostname="DESKTOP-LD2GPJV" failures="0" tests="2" name="Punter.Demo1" time="30.916" errors="0" timestamp="2023-06-13T12:31:47 IST" skipped="0">
  <testcase classname="Punter.Demo1" name="tc2" time="20.410"/>
  <system-out>
    <![CDATA[pass]]>
  </system-out>
  <testcase classname="Punter.Demo1" name="tc1" time="10.506"/>
  <system-out>
    <![CDATA[pass]]>
  </system-out>
</testsuite> <!-- Punter.Demo1 -->
