<?xml version="1.0" encoding="UTF-8"?>
<!-- Generated by org.testng.reporters.JUnitReportReporter -->
<testsuite hostname="DESKTOP-LD2GPJV" failures="0" tests="1" name="Demo2" time="10.199" errors="0" timestamp="2023-06-13T12:13:07 IST" skipped="0">
  <testcase classname="Demo2" name="tc3" time="10.199"/>
  <system-out/>
</testsuite> <!-- Demo2 -->
