<?xml version="1.0" encoding="UTF-8"?>
<!-- Generated by org.testng.reporters.JUnitReportReporter -->
<testsuite hostname="DESKTOP-LD2GPJV" failures="0" tests="2" name="Demo1" time="40.975" errors="0" timestamp="2023-06-13T11:58:56 IST" skipped="0">
  <testcase classname="Demo1" name="tc1" time="13.071"/>
  <system-out/>
  <testcase classname="Demo1" name="tc2" time="27.904"/>
  <system-out/>
</testsuite> <!-- Demo1 -->
