<?xml version="1.0" encoding="UTF-8"?>
<!-- Generated by org.testng.reporters.JUnitReportReporter -->
<testsuite hostname="DESKTOP-LD2GPJV" failures="0" tests="1" name="Actitime_Login.createcustomerTest" time="39.321" errors="0" timestamp="2023-07-08T23:40:12 IST" skipped="0">
  <testcase classname="Actitime_Login.createcustomerTest" name="createcust" time="39.321"/>
  <system-out/>
</testsuite> <!-- Actitime_Login.createcustomerTest -->
